<?xml version="1.0" encoding="UTF-8"?>
<!-- Generated by org.testng.reporters.JUnitReportReporter -->
<testsuite hostname="DESKTOP-KMSC2NJ" failures="0" tests="3" name="Module.SmokeTest" time="64.062" errors="0" timestamp="20 Aug 2023 11:46:30 GMT" skipped="0">
  <testcase classname="Module.SmokeTest" name="testOne" time="27.234"/>
  <testcase classname="Module.SmokeTest" name="testTwo" time="8.907"/>
  <testcase classname="Module.SmokeTest" name="testThree" time="27.921"/>
</testsuite> <!-- Module.SmokeTest -->
